<?xml version="1.0" encoding="UTF-8"?>
<coverage generated="1738330491818" clover="3.2.0">
  <project timestamp="1738330491818" name="All files">
    <metrics statements="29" coveredstatements="9" conditionals="6" coveredconditionals="2" methods="6" coveredmethods="0" elements="41" coveredelements="11" complexity="0" loc="29" ncloc="29" packages="1" files="1" classes="1"/>
    <file name="server.js" path="/Users/michalbardzki/dev/binance-app/server.js">
      <metrics statements="29" coveredstatements="9" conditionals="6" coveredconditionals="2" methods="6" coveredmethods="0"/>
      <line num="1" count="1" type="stmt"/>
      <line num="2" count="1" type="stmt"/>
      <line num="4" count="1" type="stmt"/>
      <line num="5" count="1" type="cond" truecount="2" falsecount="0"/>
      <line num="6" count="1" type="stmt"/>
      <line num="9" count="0" type="stmt"/>
      <line num="17" count="0" type="stmt"/>
      <line num="26" count="0" type="stmt"/>
      <line num="29" count="1" type="stmt"/>
      <line num="30" count="0" type="stmt"/>
      <line num="31" count="0" type="stmt"/>
      <line num="32" count="0" type="stmt"/>
      <line num="33" count="0" type="stmt"/>
      <line num="35" count="0" type="stmt"/>
      <line num="37" count="0" type="stmt"/>
      <line num="41" count="1" type="stmt"/>
      <line num="42" count="0" type="stmt"/>
      <line num="43" count="0" type="stmt"/>
      <line num="44" count="0" type="stmt"/>
      <line num="46" count="0" type="stmt"/>
      <line num="55" count="0" type="stmt"/>
      <line num="56" count="0" type="stmt"/>
      <line num="57" count="0" type="stmt"/>
      <line num="58" count="0" type="stmt"/>
      <line num="60" count="0" type="stmt"/>
      <line num="62" count="0" type="stmt"/>
      <line num="66" count="1" type="stmt"/>
      <line num="67" count="0" type="stmt"/>
      <line num="70" count="1" type="stmt"/>
    </file>
  </project>
</coverage>
