{"/Users/michalbardzki/dev/binance-app/server.js": {"path":"/Users/michalbardzki/dev/binance-app/server.js","statementMap":{"0":{"start":{"line":1,"column":16},"end":{"line":1,"column":34}},"1":{"start":{"line":2,"column":14},"end":{"line":2,"column":30}},"2":{"start":{"line":4,"column":12},"end":{"line":4,"column":21}},"3":{"start":{"line":5,"column":13},"end":{"line":5,"column":37}},"4":{"start":{"line":6,"column":29},"end":{"line":6,"column":62}},"5":{"start":{"line":9,"column":19},"end":{"line":16,"column":4}},"6":{"start":{"line":17,"column":15},"end":{"line":25,"column":5}},"7":{"start":{"line":17,"column":44},"end":{"line":25,"column":3}},"8":{"start":{"line":26,"column":2},"end":{"line":26,"column":14}},"9":{"start":{"line":29,"column":0},"end":{"line":39,"column":3}},"10":{"start":{"line":30,"column":2},"end":{"line":38,"column":3}},"11":{"start":{"line":31,"column":19},"end":{"line":31,"column":36}},"12":{"start":{"line":32,"column":45},"end":{"line":32,"column":54}},"13":{"start":{"line":33,"column":17},"end":{"line":33,"column":77}},"14":{"start":{"line":35,"column":4},"end":{"line":35,"column":31}},"15":{"start":{"line":37,"column":4},"end":{"line":37,"column":51}},"16":{"start":{"line":41,"column":0},"end":{"line":64,"column":3}},"17":{"start":{"line":42,"column":2},"end":{"line":63,"column":3}},"18":{"start":{"line":43,"column":19},"end":{"line":43,"column":36}},"19":{"start":{"line":44,"column":45},"end":{"line":44,"column":54}},"20":{"start":{"line":46,"column":21},"end":{"line":53,"column":6}},"21":{"start":{"line":55,"column":26},"end":{"line":55,"column":74}},"22":{"start":{"line":55,"column":54},"end":{"line":55,"column":73}},"23":{"start":{"line":56,"column":18},"end":{"line":56,"column":34}},"24":{"start":{"line":57,"column":17},"end":{"line":57,"column":56}},"25":{"start":{"line":58,"column":19},"end":{"line":58,"column":49}},"26":{"start":{"line":60,"column":4},"end":{"line":60,"column":68}},"27":{"start":{"line":62,"column":4},"end":{"line":62,"column":51}},"28":{"start":{"line":66,"column":0},"end":{"line":68,"column":3}},"29":{"start":{"line":67,"column":2},"end":{"line":67,"column":48}},"30":{"start":{"line":70,"column":0},"end":{"line":70,"column":21}}},"fnMap":{"0":{"name":"getBinanceKlines","decl":{"start":{"line":8,"column":15},"end":{"line":8,"column":31}},"loc":{"start":{"line":8,"column":70},"end":{"line":27,"column":1}},"line":8},"1":{"name":"(anonymous_1)","decl":{"start":{"line":17,"column":33},"end":{"line":17,"column":34}},"loc":{"start":{"line":17,"column":44},"end":{"line":25,"column":3}},"line":17},"2":{"name":"(anonymous_2)","decl":{"start":{"line":29,"column":31},"end":{"line":29,"column":32}},"loc":{"start":{"line":29,"column":51},"end":{"line":39,"column":1}},"line":29},"3":{"name":"(anonymous_3)","decl":{"start":{"line":41,"column":28},"end":{"line":41,"column":29}},"loc":{"start":{"line":41,"column":48},"end":{"line":64,"column":1}},"line":41},"4":{"name":"(anonymous_4)","decl":{"start":{"line":55,"column":44},"end":{"line":55,"column":45}},"loc":{"start":{"line":55,"column":54},"end":{"line":55,"column":73}},"line":55},"5":{"name":"(anonymous_5)","decl":{"start":{"line":66,"column":17},"end":{"line":66,"column":18}},"loc":{"start":{"line":66,"column":23},"end":{"line":68,"column":1}},"line":66}},"branchMap":{"0":{"loc":{"start":{"line":5,"column":13},"end":{"line":5,"column":37}},"type":"binary-expr","locations":[{"start":{"line":5,"column":13},"end":{"line":5,"column":29}},{"start":{"line":5,"column":33},"end":{"line":5,"column":37}}],"line":5},"1":{"loc":{"start":{"line":12,"column":16},"end":{"line":12,"column":32}},"type":"binary-expr","locations":[{"start":{"line":12,"column":16},"end":{"line":12,"column":24}},{"start":{"line":12,"column":28},"end":{"line":12,"column":32}}],"line":12},"2":{"loc":{"start":{"line":49,"column":18},"end":{"line":49,"column":34}},"type":"binary-expr","locations":[{"start":{"line":49,"column":18},"end":{"line":49,"column":26}},{"start":{"line":49,"column":30},"end":{"line":49,"column":34}}],"line":49}},"s":{"0":1,"1":1,"2":1,"3":1,"4":1,"5":0,"6":0,"7":0,"8":0,"9":1,"10":0,"11":0,"12":0,"13":0,"14":0,"15":0,"16":1,"17":0,"18":0,"19":0,"20":0,"21":0,"22":0,"23":0,"24":0,"25":0,"26":0,"27":0,"28":1,"29":0,"30":1},"f":{"0":0,"1":0,"2":0,"3":0,"4":0,"5":0},"b":{"0":[1,1],"1":[0,0],"2":[0,0]},"_coverageSchema":"1a1c01bbd47fc00a2c39e90264f33305004495a9","hash":"36d908a7c1dfe31cbf540d11ea79bef67f64d88e"}
}
